[     430ms] [ERROR] Failed to load resource: the server responded with a status of 404 (Not Found) @ http://localhost:5174/favicon.ico:0
[     448ms] [ERROR] Encountered two children with the same key, `%s`. Keys should be unique so that components maintain their identity across updates. Non-unique keys may cause children to be duplicated and/or omitted — the behavior is unsupported and could change in a future version. local-vapor_cache @ http://localhost:5174/node_modules/.vite/deps/react-dom_client.js?v=f9ce1720:4922
[     468ms] [ERROR] Encountered two children with the same key, `%s`. Keys should be unique so that components maintain their identity across updates. Non-unique keys may cause children to be duplicated and/or omitted — the behavior is unsupported and could change in a future version. local-vapor_cache @ http://localhost:5174/node_modules/.vite/deps/react-dom_client.js?v=f9ce1720:4922
[   83087ms] [ERROR] WebSocket connection to 'ws://localhost:5174/' failed: Error in connection establishment: net::ERR_SOCKET_NOT_CONNECTED @ http://localhost:5174/@vite/client:1034
[   84089ms] [ERROR] WebSocket connection to 'ws://localhost:5174/' failed: Error in connection establishment: net::ERR_CONNECTION_REFUSED @ http://localhost:5174/@vite/client:1034
[   85092ms] [ERROR] WebSocket connection to 'ws://localhost:5174/' failed: Error in connection establishment: net::ERR_CONNECTION_REFUSED @ http://localhost:5174/@vite/client:1034
[   86094ms] [ERROR] WebSocket connection to 'ws://localhost:5174/' failed: Error in connection establishment: net::ERR_CONNECTION_REFUSED @ http://localhost:5174/@vite/client:1034
[   87096ms] [ERROR] WebSocket connection to 'ws://localhost:5174/' failed: Error in connection establishment: net::ERR_CONNECTION_REFUSED @ http://localhost:5174/@vite/client:1034
[   88098ms] [ERROR] WebSocket connection to 'ws://localhost:5174/' failed: Error in connection establishment: net::ERR_CONNECTION_REFUSED @ http://localhost:5174/@vite/client:1034
[   89101ms] [ERROR] WebSocket connection to 'ws://localhost:5174/' failed: Error in connection establishment: net::ERR_CONNECTION_REFUSED @ http://localhost:5174/@vite/client:1034
[   90105ms] [ERROR] WebSocket connection to 'ws://localhost:5174/' failed: Error in connection establishment: net::ERR_CONNECTION_REFUSED @ http://localhost:5174/@vite/client:1034
[   91108ms] [ERROR] WebSocket connection to 'ws://localhost:5174/' failed: Error in connection establishment: net::ERR_CONNECTION_REFUSED @ http://localhost:5174/@vite/client:1034
[   92110ms] [ERROR] WebSocket connection to 'ws://localhost:5174/' failed: Error in connection establishment: net::ERR_CONNECTION_REFUSED @ http://localhost:5174/@vite/client:1034
[   93117ms] [ERROR] WebSocket connection to 'ws://localhost:5174/' failed: Error in connection establishment: net::ERR_CONNECTION_REFUSED @ http://localhost:5174/@vite/client:1034
[   94122ms] [ERROR] WebSocket connection to 'ws://localhost:5174/' failed: Error in connection establishment: net::ERR_CONNECTION_REFUSED @ http://localhost:5174/@vite/client:1034
[   95135ms] [ERROR] WebSocket connection to 'ws://localhost:5174/' failed: Error in connection establishment: net::ERR_CONNECTION_REFUSED @ http://localhost:5174/@vite/client:1034
[   96148ms] [ERROR] WebSocket connection to 'ws://localhost:5174/' failed: Error in connection establishment: net::ERR_CONNECTION_REFUSED @ http://localhost:5174/@vite/client:1034
[   97174ms] [ERROR] WebSocket connection to 'ws://localhost:5174/' failed: Error in connection establishment: net::ERR_CONNECTION_REFUSED @ http://localhost:5174/@vite/client:1034
[   98184ms] [ERROR] WebSocket connection to 'ws://localhost:5174/' failed: Error in connection establishment: net::ERR_CONNECTION_REFUSED @ http://localhost:5174/@vite/client:1034
[   99226ms] [ERROR] WebSocket connection to 'ws://localhost:5174/' failed: Error in connection establishment: net::ERR_CONNECTION_REFUSED @ http://localhost:5174/@vite/client:1034
[  100267ms] [ERROR] WebSocket connection to 'ws://localhost:5174/' failed: Error in connection establishment: net::ERR_CONNECTION_REFUSED @ http://localhost:5174/@vite/client:1034
[  101322ms] [ERROR] WebSocket connection to 'ws://localhost:5174/' failed: Error in connection establishment: net::ERR_CONNECTION_REFUSED @ http://localhost:5174/@vite/client:1034
[  102356ms] [ERROR] WebSocket connection to 'ws://localhost:5174/' failed: Error in connection establishment: net::ERR_CONNECTION_REFUSED @ http://localhost:5174/@vite/client:1034
[  103470ms] [ERROR] WebSocket connection to 'ws://localhost:5174/' failed: Error in connection establishment: net::ERR_CONNECTION_REFUSED @ http://localhost:5174/@vite/client:1034
[  104608ms] [ERROR] WebSocket connection to 'ws://localhost:5174/' failed: Error in connection establishment: net::ERR_CONNECTION_REFUSED @ http://localhost:5174/@vite/client:1034
[  105789ms] [ERROR] WebSocket connection to 'ws://localhost:5174/' failed: Error in connection establishment: net::ERR_CONNECTION_REFUSED @ http://localhost:5174/@vite/client:1034
[  107081ms] [ERROR] WebSocket connection to 'ws://localhost:5174/' failed: Error in connection establishment: net::ERR_CONNECTION_REFUSED @ http://localhost:5174/@vite/client:1034
[  108596ms] [ERROR] WebSocket connection to 'ws://localhost:5174/' failed: Error in connection establishment: net::ERR_CONNECTION_REFUSED @ http://localhost:5174/@vite/client:1034
[  110123ms] [ERROR] WebSocket connection to 'ws://localhost:5174/' failed: Error in connection establishment: net::ERR_CONNECTION_REFUSED @ http://localhost:5174/@vite/client:1034
[  111498ms] [ERROR] WebSocket connection to 'ws://localhost:5174/' failed: Error in connection establishment: net::ERR_CONNECTION_REFUSED @ http://localhost:5174/@vite/client:1034
[  113440ms] [ERROR] WebSocket connection to 'ws://localhost:5174/' failed: Error in connection establishment: net::ERR_CONNECTION_REFUSED @ http://localhost:5174/@vite/client:1034
[  116481ms] [ERROR] WebSocket connection to 'ws://localhost:5174/' failed: Error in connection establishment: net::ERR_CONNECTION_REFUSED @ http://localhost:5174/@vite/client:1034
[  119669ms] [ERROR] WebSocket connection to 'ws://localhost:5174/' failed: Error in connection establishment: net::ERR_CONNECTION_REFUSED @ http://localhost:5174/@vite/client:1034
[  124496ms] [ERROR] WebSocket connection to 'ws://localhost:5174/' failed: Error in connection establishment: net::ERR_CONNECTION_REFUSED @ http://localhost:5174/@vite/client:1034
[  127374ms] [ERROR] WebSocket connection to 'ws://localhost:5174/' failed: Error in connection establishment: net::ERR_CONNECTION_REFUSED @ http://localhost:5174/@vite/client:1034
[  130073ms] [ERROR] WebSocket connection to 'ws://localhost:5174/' failed: Error in connection establishment: net::ERR_CONNECTION_REFUSED @ http://localhost:5174/@vite/client:1034
[  134033ms] [ERROR] WebSocket connection to 'ws://localhost:5174/' failed: Error in connection establishment: net::ERR_CONNECTION_REFUSED @ http://localhost:5174/@vite/client:1034
[  136272ms] [ERROR] WebSocket connection to 'ws://localhost:5174/' failed: Error in connection establishment: net::ERR_CONNECTION_REFUSED @ http://localhost:5174/@vite/client:1034
[  141988ms] [ERROR] WebSocket connection to 'ws://localhost:5174/' failed: Error in connection establishment: net::ERR_CONNECTION_REFUSED @ http://localhost:5174/@vite/client:1034
[  144521ms] [ERROR] WebSocket connection to 'ws://localhost:5174/' failed: Error in connection establishment: net::ERR_CONNECTION_REFUSED @ http://localhost:5174/@vite/client:1034
[  149213ms] [ERROR] WebSocket connection to 'ws://localhost:5174/' failed: Error in connection establishment: net::ERR_CONNECTION_REFUSED @ http://localhost:5174/@vite/client:1034
[  152899ms] [ERROR] WebSocket connection to 'ws://localhost:5174/' failed: Error in connection establishment: net::ERR_CONNECTION_REFUSED @ http://localhost:5174/@vite/client:1034
[  155019ms] [ERROR] WebSocket connection to 'ws://localhost:5174/' failed: Error in connection establishment: net::ERR_CONNECTION_REFUSED @ http://localhost:5174/@vite/client:1034
[  157433ms] [ERROR] WebSocket connection to 'ws://localhost:5174/' failed: Error in connection establishment: net::ERR_CONNECTION_REFUSED @ http://localhost:5174/@vite/client:1034
[  161363ms] [ERROR] WebSocket connection to 'ws://localhost:5174/' failed: Error in connection establishment: net::ERR_CONNECTION_REFUSED @ http://localhost:5174/@vite/client:1034
[  164647ms] [ERROR] WebSocket connection to 'ws://localhost:5174/' failed: Error in connection establishment: net::ERR_CONNECTION_REFUSED @ http://localhost:5174/@vite/client:1034
[  167706ms] [ERROR] WebSocket connection to 'ws://localhost:5174/' failed: Error in connection establishment: net::ERR_CONNECTION_REFUSED @ http://localhost:5174/@vite/client:1034
[  171365ms] [ERROR] WebSocket connection to 'ws://localhost:5174/' failed: Error in connection establishment: net::ERR_CONNECTION_REFUSED @ http://localhost:5174/@vite/client:1034
[  174476ms] [ERROR] WebSocket connection to 'ws://localhost:5174/' failed: Error in connection establishment: net::ERR_CONNECTION_REFUSED @ http://localhost:5174/@vite/client:1034
[  178235ms] [ERROR] WebSocket connection to 'ws://localhost:5174/' failed: Error in connection establishment: net::ERR_CONNECTION_REFUSED @ http://localhost:5174/@vite/client:1034
[  181352ms] [ERROR] WebSocket connection to 'ws://localhost:5174/' failed: Error in connection establishment: net::ERR_CONNECTION_REFUSED @ http://localhost:5174/@vite/client:1034
[  186944ms] [ERROR] WebSocket connection to 'ws://localhost:5174/' failed: Error in connection establishment: net::ERR_CONNECTION_REFUSED @ http://localhost:5174/@vite/client:1034
[  189378ms] [ERROR] WebSocket connection to 'ws://localhost:5174/' failed: Error in connection establishment: net::ERR_CONNECTION_REFUSED @ http://localhost:5174/@vite/client:1034
[  194053ms] [ERROR] WebSocket connection to 'ws://localhost:5174/' failed: Error in connection establishment: net::ERR_CONNECTION_REFUSED @ http://localhost:5174/@vite/client:1034
[  197645ms] [ERROR] WebSocket connection to 'ws://localhost:5174/' failed: Error in connection establishment: net::ERR_CONNECTION_REFUSED @ http://localhost:5174/@vite/client:1034
[  203309ms] [ERROR] WebSocket connection to 'ws://localhost:5174/' failed: Error in connection establishment: net::ERR_CONNECTION_REFUSED @ http://localhost:5174/@vite/client:1034
[  205378ms] [ERROR] WebSocket connection to 'ws://localhost:5174/' failed: Error in connection establishment: net::ERR_CONNECTION_REFUSED @ http://localhost:5174/@vite/client:1034
[  210369ms] [ERROR] WebSocket connection to 'ws://localhost:5174/' failed: Error in connection establishment: net::ERR_CONNECTION_REFUSED @ http://localhost:5174/@vite/client:1034
[  212600ms] [ERROR] WebSocket connection to 'ws://localhost:5174/' failed: Error in connection establishment: net::ERR_CONNECTION_REFUSED @ http://localhost:5174/@vite/client:1034
[  218589ms] [ERROR] WebSocket connection to 'ws://localhost:5174/' failed: Error in connection establishment: net::ERR_CONNECTION_REFUSED @ http://localhost:5174/@vite/client:1034
[  222138ms] [ERROR] WebSocket connection to 'ws://localhost:5174/' failed: Error in connection establishment: net::ERR_CONNECTION_REFUSED @ http://localhost:5174/@vite/client:1034
[  226105ms] [ERROR] WebSocket connection to 'ws://localhost:5174/' failed: Error in connection establishment: net::ERR_CONNECTION_REFUSED @ http://localhost:5174/@vite/client:1034
[  231403ms] [ERROR] WebSocket connection to 'ws://localhost:5174/' failed: Error in connection establishment: net::ERR_CONNECTION_REFUSED @ http://localhost:5174/@vite/client:1034
[  236544ms] [ERROR] WebSocket connection to 'ws://localhost:5174/' failed: Error in connection establishment: net::ERR_CONNECTION_REFUSED @ http://localhost:5174/@vite/client:1034
[  242019ms] [ERROR] WebSocket connection to 'ws://localhost:5174/' failed: Error in connection establishment: net::ERR_CONNECTION_REFUSED @ http://localhost:5174/@vite/client:1034
[  245693ms] [ERROR] WebSocket connection to 'ws://localhost:5174/' failed: Error in connection establishment: net::ERR_CONNECTION_REFUSED @ http://localhost:5174/@vite/client:1034
[  250360ms] [ERROR] WebSocket connection to 'ws://localhost:5174/' failed: Error in connection establishment: net::ERR_CONNECTION_REFUSED @ http://localhost:5174/@vite/client:1034
[  256256ms] [ERROR] WebSocket connection to 'ws://localhost:5174/' failed: Error in connection establishment: net::ERR_CONNECTION_REFUSED @ http://localhost:5174/@vite/client:1034
[  259695ms] [ERROR] WebSocket connection to 'ws://localhost:5174/' failed: Error in connection establishment: net::ERR_CONNECTION_REFUSED @ http://localhost:5174/@vite/client:1034
[  262659ms] [ERROR] WebSocket connection to 'ws://localhost:5174/' failed: Error in connection establishment: net::ERR_CONNECTION_REFUSED @ http://localhost:5174/@vite/client:1034
[  266468ms] [ERROR] WebSocket connection to 'ws://localhost:5174/' failed: Error in connection establishment: net::ERR_CONNECTION_REFUSED @ http://localhost:5174/@vite/client:1034
[  271616ms] [ERROR] WebSocket connection to 'ws://localhost:5174/' failed: Error in connection establishment: net::ERR_CONNECTION_REFUSED @ http://localhost:5174/@vite/client:1034
[  275433ms] [ERROR] WebSocket connection to 'ws://localhost:5174/' failed: Error in connection establishment: net::ERR_CONNECTION_REFUSED @ http://localhost:5174/@vite/client:1034
[  277572ms] [ERROR] WebSocket connection to 'ws://localhost:5174/' failed: Error in connection establishment: net::ERR_CONNECTION_REFUSED @ http://localhost:5174/@vite/client:1034
[  279729ms] [ERROR] WebSocket connection to 'ws://localhost:5174/' failed: Error in connection establishment: net::ERR_CONNECTION_REFUSED @ http://localhost:5174/@vite/client:1034
[  282647ms] [ERROR] WebSocket connection to 'ws://localhost:5174/' failed: Error in connection establishment: net::ERR_CONNECTION_REFUSED @ http://localhost:5174/@vite/client:1034
[  288064ms] [ERROR] WebSocket connection to 'ws://localhost:5174/' failed: Error in connection establishment: net::ERR_CONNECTION_REFUSED @ http://localhost:5174/@vite/client:1034
[  293156ms] [ERROR] WebSocket connection to 'ws://localhost:5174/' failed: Error in connection establishment: net::ERR_CONNECTION_REFUSED @ http://localhost:5174/@vite/client:1034
[  296627ms] [ERROR] WebSocket connection to 'ws://localhost:5174/' failed: Error in connection establishment: net::ERR_CONNECTION_REFUSED @ http://localhost:5174/@vite/client:1034
[  299859ms] [ERROR] WebSocket connection to 'ws://localhost:5174/' failed: Error in connection establishment: net::ERR_CONNECTION_REFUSED @ http://localhost:5174/@vite/client:1034
[  304185ms] [ERROR] WebSocket connection to 'ws://localhost:5174/' failed: Error in connection establishment: net::ERR_CONNECTION_REFUSED @ http://localhost:5174/@vite/client:1034
[  309289ms] [ERROR] WebSocket connection to 'ws://localhost:5174/' failed: Error in connection establishment: net::ERR_CONNECTION_REFUSED @ http://localhost:5174/@vite/client:1034
[  312202ms] [ERROR] WebSocket connection to 'ws://localhost:5174/' failed: Error in connection establishment: net::ERR_CONNECTION_REFUSED @ http://localhost:5174/@vite/client:1034
[  317056ms] [ERROR] WebSocket connection to 'ws://localhost:5174/' failed: Error in connection establishment: net::ERR_CONNECTION_REFUSED @ http://localhost:5174/@vite/client:1034
[  322397ms] [ERROR] WebSocket connection to 'ws://localhost:5174/' failed: Error in connection establishment: net::ERR_CONNECTION_REFUSED @ http://localhost:5174/@vite/client:1034
[  326569ms] [ERROR] WebSocket connection to 'ws://localhost:5174/' failed: Error in connection establishment: net::ERR_CONNECTION_REFUSED @ http://localhost:5174/@vite/client:1034
[  329716ms] [ERROR] WebSocket connection to 'ws://localhost:5174/' failed: Error in connection establishment: net::ERR_CONNECTION_REFUSED @ http://localhost:5174/@vite/client:1034
[  335194ms] [ERROR] WebSocket connection to 'ws://localhost:5174/' failed: Error in connection establishment: net::ERR_CONNECTION_REFUSED @ http://localhost:5174/@vite/client:1034
[  338475ms] [ERROR] WebSocket connection to 'ws://localhost:5174/' failed: Error in connection establishment: net::ERR_CONNECTION_REFUSED @ http://localhost:5174/@vite/client:1034
[  341326ms] [ERROR] WebSocket connection to 'ws://localhost:5174/' failed: Error in connection establishment: net::ERR_CONNECTION_REFUSED @ http://localhost:5174/@vite/client:1034
[  346095ms] [ERROR] WebSocket connection to 'ws://localhost:5174/' failed: Error in connection establishment: net::ERR_CONNECTION_REFUSED @ http://localhost:5174/@vite/client:1034
[  348462ms] [ERROR] WebSocket connection to 'ws://localhost:5174/' failed: Error in connection establishment: net::ERR_CONNECTION_REFUSED @ http://localhost:5174/@vite/client:1034
[  350703ms] [ERROR] WebSocket connection to 'ws://localhost:5174/' failed: Error in connection establishment: net::ERR_CONNECTION_REFUSED @ http://localhost:5174/@vite/client:1034
[  354045ms] [ERROR] WebSocket connection to 'ws://localhost:5174/' failed: Error in connection establishment: net::ERR_CONNECTION_REFUSED @ http://localhost:5174/@vite/client:1034
[  357934ms] [ERROR] WebSocket connection to 'ws://localhost:5174/' failed: Error in connection establishment: net::ERR_CONNECTION_REFUSED @ http://localhost:5174/@vite/client:1034
[  361045ms] [ERROR] WebSocket connection to 'ws://localhost:5174/' failed: Error in connection establishment: net::ERR_CONNECTION_REFUSED @ http://localhost:5174/@vite/client:1034
[  367006ms] [ERROR] WebSocket connection to 'ws://localhost:5174/' failed: Error in connection establishment: net::ERR_CONNECTION_REFUSED @ http://localhost:5174/@vite/client:1034
[  371192ms] [ERROR] WebSocket connection to 'ws://localhost:5174/' failed: Error in connection establishment: net::ERR_CONNECTION_REFUSED @ http://localhost:5174/@vite/client:1034
[  376809ms] [ERROR] WebSocket connection to 'ws://localhost:5174/' failed: Error in connection establishment: net::ERR_CONNECTION_REFUSED @ http://localhost:5174/@vite/client:1034
[  379810ms] [ERROR] WebSocket connection to 'ws://localhost:5174/' failed: Error in connection establishment: net::ERR_CONNECTION_REFUSED @ http://localhost:5174/@vite/client:1034
[  385442ms] [ERROR] WebSocket connection to 'ws://localhost:5174/' failed: Error in connection establishment: net::ERR_CONNECTION_REFUSED @ http://localhost:5174/@vite/client:1034
[  389610ms] [ERROR] WebSocket connection to 'ws://localhost:5174/' failed: Error in connection establishment: net::ERR_CONNECTION_REFUSED @ http://localhost:5174/@vite/client:1034
[  394382ms] [ERROR] WebSocket connection to 'ws://localhost:5174/' failed: Error in connection establishment: net::ERR_CONNECTION_REFUSED @ http://localhost:5174/@vite/client:1034
[  399624ms] [ERROR] WebSocket connection to 'ws://localhost:5174/' failed: Error in connection establishment: net::ERR_CONNECTION_REFUSED @ http://localhost:5174/@vite/client:1034
[  401950ms] [ERROR] WebSocket connection to 'ws://localhost:5174/' failed: Error in connection establishment: net::ERR_CONNECTION_REFUSED @ http://localhost:5174/@vite/client:1034
[  404451ms] [ERROR] WebSocket connection to 'ws://localhost:5174/' failed: Error in connection establishment: net::ERR_CONNECTION_REFUSED @ http://localhost:5174/@vite/client:1034
[  410296ms] [ERROR] WebSocket connection to 'ws://localhost:5174/' failed: Error in connection establishment: net::ERR_CONNECTION_REFUSED @ http://localhost:5174/@vite/client:1034
[  413548ms] [ERROR] WebSocket connection to 'ws://localhost:5174/' failed: Error in connection establishment: net::ERR_CONNECTION_REFUSED @ http://localhost:5174/@vite/client:1034
[  417582ms] [ERROR] WebSocket connection to 'ws://localhost:5174/' failed: Error in connection establishment: net::ERR_CONNECTION_REFUSED @ http://localhost:5174/@vite/client:1034
[  420403ms] [ERROR] WebSocket connection to 'ws://localhost:5174/' failed: Error in connection establishment: net::ERR_CONNECTION_REFUSED @ http://localhost:5174/@vite/client:1034
[  423792ms] [ERROR] WebSocket connection to 'ws://localhost:5174/' failed: Error in connection establishment: net::ERR_CONNECTION_REFUSED @ http://localhost:5174/@vite/client:1034
[  426575ms] [ERROR] WebSocket connection to 'ws://localhost:5174/' failed: Error in connection establishment: net::ERR_CONNECTION_REFUSED @ http://localhost:5174/@vite/client:1034
[  432032ms] [ERROR] WebSocket connection to 'ws://localhost:5174/' failed: Error in connection establishment: net::ERR_CONNECTION_REFUSED @ http://localhost:5174/@vite/client:1034
[  434840ms] [ERROR] WebSocket connection to 'ws://localhost:5174/' failed: Error in connection establishment: net::ERR_CONNECTION_REFUSED @ http://localhost:5174/@vite/client:1034
[  438109ms] [ERROR] WebSocket connection to 'ws://localhost:5174/' failed: Error in connection establishment: net::ERR_CONNECTION_REFUSED @ http://localhost:5174/@vite/client:1034
[  442315ms] [ERROR] WebSocket connection to 'ws://localhost:5174/' failed: Error in connection establishment: net::ERR_CONNECTION_REFUSED @ http://localhost:5174/@vite/client:1034
[  445582ms] [ERROR] WebSocket connection to 'ws://localhost:5174/' failed: Error in connection establishment: net::ERR_CONNECTION_REFUSED @ http://localhost:5174/@vite/client:1034
